This file contains any messages produced by compilers while
running configure, to aid debugging if configure makes a mistake.

It was created by ShowerDeconstruction configure 1.0, which was
generated by GNU Autoconf 2.63.  Invocation command line was

  $ ./configure --with-fastjet=../ttunf-svn/fastjet-install/

## --------- ##
## Platform. ##
## --------- ##

hostname = ppepc128.physics.gla.ac.uk
uname -m = x86_64
uname -r = 2.6.32-431.29.2.el6.x86_64
uname -s = Linux
uname -v = #1 SMP Tue Sep 9 13:45:55 CDT 2014

/usr/bin/uname -p = unknown
/bin/uname -X     = unknown

/bin/arch              = x86_64
/usr/bin/arch -k       = unknown
/usr/convex/getsysinfo = unknown
/usr/bin/hostinfo      = unknown
/bin/machine           = unknown
/usr/bin/oslevel       = unknown
/bin/universe          = unknown

PATH: /cvmfs/atlas.cern.ch/repo/ATLASLocalRootBase/x86_64/xrootd/3.3.6-x86_64-slc6/v3.3.6/bin
PATH: /cvmfs/atlas.cern.ch/repo/ATLASLocalRootBase/x86_64/root/5.34.21-x86_64-slc6-gcc47-opt/bin
PATH: /cvmfs/atlas.cern.ch/repo/ATLASLocalRootBase/x86_64/gccxml/0.9.0_20120309p2-x86_64-slc6-gcc47-opt/sw/lcg/external/gccxml/0.9.0_20120309p2/x86_64-slc6-gcc47-opt/bin
PATH: /cvmfs/atlas.cern.ch/repo/ATLASLocalRootBase/x86_64/python/2.7.3-x86_64-slc6-gcc47/sw/lcg/external/Python/2.7.3/x86_64-slc6-gcc47-opt/bin
PATH: /cvmfs/atlas.cern.ch/repo/ATLASLocalRootBase/x86_64/Gcc/gcc472p1_x86_64_slc6/slc6/gcc47/bin
PATH: /opt/glasgow/bin
PATH: /afs/phas.gla.ac.uk/user/d/dferreira/scripts
PATH: /opt/glasgow/bin
PATH: /usr/lib64/qt-3.3/bin
PATH: /usr/local/bin
PATH: /usr/bin
PATH: /bin
PATH: /usr/local/sbin
PATH: /usr/sbin
PATH: /sbin
PATH: /var/cfengine/bin
PATH: /afs/phas.gla.ac.uk/user/d/dferreira/fastjet/bin
PATH: /afs/phas.gla.ac.uk/user/d/dferreira/bin
PATH: /var/cfengine/bin
PATH: /afs/phas.gla.ac.uk/user/d/dferreira/fastjet/bin


## ----------- ##
## Core tests. ##
## ----------- ##

configure:2092: checking for a BSD-compatible install
configure:2160: result: /usr/bin/install -c
configure:2171: checking whether build environment is sane
configure:2231: result: yes
configure:2372: checking for a thread-safe mkdir -p
configure:2411: result: /bin/mkdir -p
configure:2424: checking for gawk
configure:2440: found /usr/bin/gawk
configure:2451: result: gawk
configure:2462: checking whether make sets $(MAKE)
configure:2484: result: yes
configure:2642: checking for g++
configure:2658: found /cvmfs/atlas.cern.ch/repo/ATLASLocalRootBase/x86_64/Gcc/gcc472p1_x86_64_slc6/slc6/gcc47/bin/g++
configure:2669: result: g++
configure:2696: checking for C++ compiler version
configure:2704: g++ --version >&5
g++ (GCC) 4.7.2
Copyright (C) 2012 Free Software Foundation, Inc.
This is free software; see the source for copying conditions.  There is NO
warranty; not even for MERCHANTABILITY or FITNESS FOR A PARTICULAR PURPOSE.

configure:2708: $? = 0
configure:2715: g++ -v >&5
Using built-in specs.
COLLECT_GCC=g++
COLLECT_LTO_WRAPPER=/cvmfs/atlas.cern.ch/repo/ATLASLocalRootBase/x86_64/Gcc/gcc472p1_x86_64_slc6/slc6/x86_64-slc6-gcc47-opt/bin/../libexec/gcc/x86_64-unknown-linux-gnu/4.7.2/lto-wrapper
Target: x86_64-unknown-linux-gnu
Configured with: /build/vdiez/gcc-4.7.2/configure --prefix=/afs/cern.ch/sw/lcg/external/gcc/4.7.2/x86_64-slc6-gcc47-opt --with-mpfr=/afs/cern.ch/sw/lcg/external/mpfr/2.4.2/x86_64-slc6-gcc47-opt --with-gmp=/afs/cern.ch/sw/lcg/external/gmp/4.3.2/x86_64-slc6-gcc47-opt --with-mpc=/afs/cern.ch/sw/lcg/external/mpc/0.8.1/x86_64-slc6-gcc47-opt --enable-libstdcxx-time --enable-lto --with-libelf=/afs/cern.ch/sw/lcg/external/libelf/0.8.13/x86_64-slc6-gcc47-opt --with-ppl=/afs/cern.ch/sw/lcg/external/ppl/0.11.2/x86_64-slc6-gcc47-opt --with-cloog=/afs/cern.ch/sw/lcg/external/cloog-ppl/0.15.11/x86_64-slc6-gcc47-opt --enable-languages=c,c++,fortran,go
Thread model: posix
gcc version 4.7.2 (GCC) 
configure:2719: $? = 0
configure:2726: g++ -V >&5
g++: error: unrecognized command line option '-V'
g++: fatal error: no input files
compilation terminated.
configure:2730: $? = 1
configure:2753: checking for C++ compiler default output file name
configure:2775: g++ -O3   conftest.cpp  >&5
configure:2779: $? = 0
configure:2817: result: a.out
configure:2836: checking whether the C++ compiler works
configure:2846: ./a.out
configure:2850: $? = 0
configure:2869: result: yes
configure:2876: checking whether we are cross compiling
configure:2878: result: no
configure:2881: checking for suffix of executables
configure:2888: g++ -o conftest -O3   conftest.cpp  >&5
configure:2892: $? = 0
configure:2918: result: 
configure:2924: checking for suffix of object files
configure:2950: g++ -c -O3  conftest.cpp >&5
configure:2954: $? = 0
configure:2979: result: o
configure:2983: checking whether we are using the GNU C++ compiler
configure:3012: g++ -c -O3  conftest.cpp >&5
configure:3019: $? = 0
configure:3036: result: yes
configure:3045: checking whether g++ accepts -g
configure:3075: g++ -c -g  conftest.cpp >&5
configure:3082: $? = 0
configure:3183: result: yes
configure:3217: checking for style of include used by make
configure:3245: result: GNU
configure:3270: checking dependency style of g++
configure:3380: result: gcc3
configure:3460: checking for fastjet-config
configure:3478: found ../ttunf-svn/fastjet-install//bin/fastjet-config
configure:3491: result: ../ttunf-svn/fastjet-install//bin/fastjet-config
configure:3516: checking if FastJet is functional
configure:3549: g++ -c -O3 -I/afs/phas.gla.ac.uk/user/d/dferreira/private/ttunf/ttunf-svn/fastjet-3.0.3/../fastjet-install/include  conftest.cpp >&5
configure:3556: $? = 0
configure:3570: result: yes
configure:3581: checking FastJet
configure:3586: result: yes
configure:3697: checking build system type
configure:3715: result: x86_64-unknown-linux-gnu
configure:3737: checking host system type
configure:3752: result: x86_64-unknown-linux-gnu
configure:3822: checking for gcc
configure:3838: found /cvmfs/atlas.cern.ch/repo/ATLASLocalRootBase/x86_64/Gcc/gcc472p1_x86_64_slc6/slc6/gcc47/bin/gcc
configure:3849: result: gcc
configure:4081: checking for C compiler version
configure:4089: gcc --version >&5
gcc (GCC) 4.7.2
Copyright (C) 2012 Free Software Foundation, Inc.
This is free software; see the source for copying conditions.  There is NO
warranty; not even for MERCHANTABILITY or FITNESS FOR A PARTICULAR PURPOSE.

configure:4093: $? = 0
configure:4100: gcc -v >&5
Using built-in specs.
COLLECT_GCC=gcc
COLLECT_LTO_WRAPPER=/cvmfs/atlas.cern.ch/repo/ATLASLocalRootBase/x86_64/Gcc/gcc472p1_x86_64_slc6/slc6/x86_64-slc6-gcc47-opt/bin/../libexec/gcc/x86_64-unknown-linux-gnu/4.7.2/lto-wrapper
Target: x86_64-unknown-linux-gnu
Configured with: /build/vdiez/gcc-4.7.2/configure --prefix=/afs/cern.ch/sw/lcg/external/gcc/4.7.2/x86_64-slc6-gcc47-opt --with-mpfr=/afs/cern.ch/sw/lcg/external/mpfr/2.4.2/x86_64-slc6-gcc47-opt --with-gmp=/afs/cern.ch/sw/lcg/external/gmp/4.3.2/x86_64-slc6-gcc47-opt --with-mpc=/afs/cern.ch/sw/lcg/external/mpc/0.8.1/x86_64-slc6-gcc47-opt --enable-libstdcxx-time --enable-lto --with-libelf=/afs/cern.ch/sw/lcg/external/libelf/0.8.13/x86_64-slc6-gcc47-opt --with-ppl=/afs/cern.ch/sw/lcg/external/ppl/0.11.2/x86_64-slc6-gcc47-opt --with-cloog=/afs/cern.ch/sw/lcg/external/cloog-ppl/0.15.11/x86_64-slc6-gcc47-opt --enable-languages=c,c++,fortran,go
Thread model: posix
gcc version 4.7.2 (GCC) 
configure:4104: $? = 0
configure:4111: gcc -V >&5
gcc: error: unrecognized command line option '-V'
gcc: fatal error: no input files
compilation terminated.
configure:4115: $? = 1
configure:4118: checking whether we are using the GNU C compiler
configure:4147: gcc -c   conftest.c >&5
configure:4154: $? = 0
configure:4171: result: yes
configure:4180: checking whether gcc accepts -g
configure:4210: gcc -c -g  conftest.c >&5
configure:4217: $? = 0
configure:4318: result: yes
configure:4335: checking for gcc option to accept ISO C89
configure:4409: gcc  -c -g -O2  conftest.c >&5
configure:4416: $? = 0
configure:4439: result: none needed
configure:4459: checking dependency style of gcc
configure:4569: result: gcc3
configure:4584: checking for a sed that does not truncate output
configure:4650: result: /bin/sed
configure:4668: checking for grep that handles long lines and -e
configure:4728: result: /bin/grep
configure:4733: checking for egrep
configure:4797: result: /bin/grep -E
configure:4802: checking for fgrep
configure:4866: result: /bin/grep -F
configure:4901: checking for ld used by gcc
configure:4968: result: /usr/bin/ld
configure:4977: checking if the linker (/usr/bin/ld) is GNU ld
configure:4992: result: yes
configure:5004: checking for BSD- or MS-compatible name lister (nm)
configure:5053: result: /usr/bin/nm -B
configure:5171: checking the name lister (/usr/bin/nm -B) interface
configure:5178: g++ -c -O3  conftest.cpp >&5
configure:5181: /usr/bin/nm -B "conftest.o"
configure:5184: output
0000000000000000 B some_variable
configure:5191: result: BSD nm
configure:5194: checking whether ln -s works
configure:5198: result: yes
configure:5206: checking the maximum length of command line arguments
configure:5326: result: 1966080
configure:5343: checking whether the shell understands some XSI constructs
configure:5353: result: yes
configure:5357: checking whether the shell understands "+="
configure:5363: result: yes
configure:5398: checking for /usr/bin/ld option to reload object files
configure:5405: result: -r
configure:5474: checking for objdump
configure:5490: found /usr/bin/objdump
configure:5501: result: objdump
configure:5533: checking how to recognize dependent libraries
configure:5729: result: pass_all
configure:5789: checking for ar
configure:5805: found /usr/bin/ar
configure:5816: result: ar
configure:5894: checking for strip
configure:5910: found /usr/bin/strip
configure:5921: result: strip
configure:5993: checking for ranlib
configure:6009: found /usr/bin/ranlib
configure:6020: result: ranlib
configure:6110: checking command to parse /usr/bin/nm -B output from gcc object
configure:6228: g++ -c -O3  conftest.cpp >&5
configure:6231: $? = 0
configure:6235: /usr/bin/nm -B conftest.o \| sed -n -e 's/^.*[	 ]\([ABCDGIRSTW][ABCDGIRSTW]*\)[	 ][	 ]*\([_A-Za-z][_A-Za-z0-9]*\)$/\1 \2 \2/p' \> conftest.nm
configure:6238: $? = 0
configure:6292: g++ -o conftest -O3   conftest.cpp conftstm.o >&5
configure:6295: $? = 0
configure:6333: result: ok
configure:6429: g++ -c -O3  conftest.cpp >&5
configure:6432: $? = 0
configure:7200: checking how to run the C preprocessor
configure:7240: gcc -E  conftest.c
configure:7247: $? = 0
configure:7278: gcc -E  conftest.c
conftest.c:10:28: fatal error: ac_nonexistent.h: No such file or directory
compilation terminated.
configure:7285: $? = 1
configure: failed program was:
| /* confdefs.h.  */
| #define PACKAGE_NAME "ShowerDeconstruction"
| #define PACKAGE_TARNAME "showerdeconstruction"
| #define PACKAGE_VERSION "1.0"
| #define PACKAGE_STRING "ShowerDeconstruction 1.0"
| #define PACKAGE_BUGREPORT "dferreir@mail.cern.ch"
| #define PACKAGE "showerdeconstruction"
| #define VERSION "1.0"
| /* end confdefs.h.  */
| #include <ac_nonexistent.h>
configure:7318: result: gcc -E
configure:7347: gcc -E  conftest.c
configure:7354: $? = 0
configure:7385: gcc -E  conftest.c
conftest.c:10:28: fatal error: ac_nonexistent.h: No such file or directory
compilation terminated.
configure:7392: $? = 1
configure: failed program was:
| /* confdefs.h.  */
| #define PACKAGE_NAME "ShowerDeconstruction"
| #define PACKAGE_TARNAME "showerdeconstruction"
| #define PACKAGE_VERSION "1.0"
| #define PACKAGE_STRING "ShowerDeconstruction 1.0"
| #define PACKAGE_BUGREPORT "dferreir@mail.cern.ch"
| #define PACKAGE "showerdeconstruction"
| #define VERSION "1.0"
| /* end confdefs.h.  */
| #include <ac_nonexistent.h>
configure:7432: checking for ANSI C header files
configure:7462: gcc -c -g -O2  conftest.c >&5
configure:7469: $? = 0
configure:7568: gcc -o conftest -g -O2   conftest.c  >&5
configure:7572: $? = 0
configure:7578: ./conftest
configure:7582: $? = 0
configure:7600: result: yes
configure:7624: checking for sys/types.h
configure:7645: gcc -c -g -O2  conftest.c >&5
configure:7652: $? = 0
configure:7669: result: yes
configure:7624: checking for sys/stat.h
configure:7645: gcc -c -g -O2  conftest.c >&5
configure:7652: $? = 0
configure:7669: result: yes
configure:7624: checking for stdlib.h
configure:7645: gcc -c -g -O2  conftest.c >&5
configure:7652: $? = 0
configure:7669: result: yes
configure:7624: checking for string.h
configure:7645: gcc -c -g -O2  conftest.c >&5
configure:7652: $? = 0
configure:7669: result: yes
configure:7624: checking for memory.h
configure:7645: gcc -c -g -O2  conftest.c >&5
configure:7652: $? = 0
configure:7669: result: yes
configure:7624: checking for strings.h
configure:7645: gcc -c -g -O2  conftest.c >&5
configure:7652: $? = 0
configure:7669: result: yes
configure:7624: checking for inttypes.h
configure:7645: gcc -c -g -O2  conftest.c >&5
configure:7652: $? = 0
configure:7669: result: yes
configure:7624: checking for stdint.h
configure:7645: gcc -c -g -O2  conftest.c >&5
configure:7652: $? = 0
configure:7669: result: yes
configure:7624: checking for unistd.h
configure:7645: gcc -c -g -O2  conftest.c >&5
configure:7652: $? = 0
configure:7669: result: yes
configure:7687: checking for dlfcn.h
configure:7708: gcc -c -g -O2  conftest.c >&5
configure:7715: $? = 0
configure:7732: result: yes
configure:7859: checking for C++ compiler version
configure:7867: g++ --version >&5
g++ (GCC) 4.7.2
Copyright (C) 2012 Free Software Foundation, Inc.
This is free software; see the source for copying conditions.  There is NO
warranty; not even for MERCHANTABILITY or FITNESS FOR A PARTICULAR PURPOSE.

configure:7871: $? = 0
configure:7878: g++ -v >&5
Using built-in specs.
COLLECT_GCC=g++
COLLECT_LTO_WRAPPER=/cvmfs/atlas.cern.ch/repo/ATLASLocalRootBase/x86_64/Gcc/gcc472p1_x86_64_slc6/slc6/x86_64-slc6-gcc47-opt/bin/../libexec/gcc/x86_64-unknown-linux-gnu/4.7.2/lto-wrapper
Target: x86_64-unknown-linux-gnu
Configured with: /build/vdiez/gcc-4.7.2/configure --prefix=/afs/cern.ch/sw/lcg/external/gcc/4.7.2/x86_64-slc6-gcc47-opt --with-mpfr=/afs/cern.ch/sw/lcg/external/mpfr/2.4.2/x86_64-slc6-gcc47-opt --with-gmp=/afs/cern.ch/sw/lcg/external/gmp/4.3.2/x86_64-slc6-gcc47-opt --with-mpc=/afs/cern.ch/sw/lcg/external/mpc/0.8.1/x86_64-slc6-gcc47-opt --enable-libstdcxx-time --enable-lto --with-libelf=/afs/cern.ch/sw/lcg/external/libelf/0.8.13/x86_64-slc6-gcc47-opt --with-ppl=/afs/cern.ch/sw/lcg/external/ppl/0.11.2/x86_64-slc6-gcc47-opt --with-cloog=/afs/cern.ch/sw/lcg/external/cloog-ppl/0.15.11/x86_64-slc6-gcc47-opt --enable-languages=c,c++,fortran,go
Thread model: posix
gcc version 4.7.2 (GCC) 
configure:7882: $? = 0
configure:7889: g++ -V >&5
g++: error: unrecognized command line option '-V'
g++: fatal error: no input files
compilation terminated.
configure:7893: $? = 1
configure:7896: checking whether we are using the GNU C++ compiler
configure:7949: result: yes
configure:7958: checking whether g++ accepts -g
configure:8096: result: yes
configure:8121: checking dependency style of g++
configure:8231: result: gcc3
configure:8254: checking how to run the C++ preprocessor
configure:8290: g++ -E  conftest.cpp
configure:8297: $? = 0
configure:8328: g++ -E  conftest.cpp
conftest.cpp:21:28: fatal error: ac_nonexistent.h: No such file or directory
compilation terminated.
configure:8335: $? = 1
configure: failed program was:
| /* confdefs.h.  */
| #define PACKAGE_NAME "ShowerDeconstruction"
| #define PACKAGE_TARNAME "showerdeconstruction"
| #define PACKAGE_VERSION "1.0"
| #define PACKAGE_STRING "ShowerDeconstruction 1.0"
| #define PACKAGE_BUGREPORT "dferreir@mail.cern.ch"
| #define PACKAGE "showerdeconstruction"
| #define VERSION "1.0"
| #define STDC_HEADERS 1
| #define HAVE_SYS_TYPES_H 1
| #define HAVE_SYS_STAT_H 1
| #define HAVE_STDLIB_H 1
| #define HAVE_STRING_H 1
| #define HAVE_MEMORY_H 1
| #define HAVE_STRINGS_H 1
| #define HAVE_INTTYPES_H 1
| #define HAVE_STDINT_H 1
| #define HAVE_UNISTD_H 1
| #define HAVE_DLFCN_H 1
| /* end confdefs.h.  */
| #include <ac_nonexistent.h>
configure:8368: result: g++ -E
configure:8397: g++ -E  conftest.cpp
configure:8404: $? = 0
configure:8435: g++ -E  conftest.cpp
conftest.cpp:21:28: fatal error: ac_nonexistent.h: No such file or directory
compilation terminated.
configure:8442: $? = 1
configure: failed program was:
| /* confdefs.h.  */
| #define PACKAGE_NAME "ShowerDeconstruction"
| #define PACKAGE_TARNAME "showerdeconstruction"
| #define PACKAGE_VERSION "1.0"
| #define PACKAGE_STRING "ShowerDeconstruction 1.0"
| #define PACKAGE_BUGREPORT "dferreir@mail.cern.ch"
| #define PACKAGE "showerdeconstruction"
| #define VERSION "1.0"
| #define STDC_HEADERS 1
| #define HAVE_SYS_TYPES_H 1
| #define HAVE_SYS_STAT_H 1
| #define HAVE_STDLIB_H 1
| #define HAVE_STRING_H 1
| #define HAVE_MEMORY_H 1
| #define HAVE_STRINGS_H 1
| #define HAVE_INTTYPES_H 1
| #define HAVE_STDINT_H 1
| #define HAVE_UNISTD_H 1
| #define HAVE_DLFCN_H 1
| /* end confdefs.h.  */
| #include <ac_nonexistent.h>
configure:8595: checking for objdir
configure:8610: result: .libs
configure:8906: checking if gcc supports -fno-rtti -fno-exceptions
configure:8924: gcc -c -g -O2  -fno-rtti -fno-exceptions conftest.c >&5
cc1: warning: command line option '-fno-rtti' is valid for C++/ObjC++ but not for C [enabled by default]
configure:8928: $? = 0
configure:8941: result: no
configure:8961: checking for gcc option to produce PIC
configure:9233: result: -fPIC -DPIC
configure:9245: checking if gcc PIC flag -fPIC -DPIC works
configure:9263: gcc -c -g -O2  -fPIC -DPIC -DPIC conftest.c >&5
configure:9267: $? = 0
configure:9280: result: yes
configure:9304: checking if gcc static flag -static works
configure:9332: result: no
configure:9347: checking if gcc supports -c -o file.o
configure:9368: gcc -c -g -O2  -o out/conftest2.o conftest.c >&5
configure:9372: $? = 0
configure:9394: result: yes
configure:9402: checking if gcc supports -c -o file.o
configure:9449: result: yes
configure:9482: checking whether the gcc linker (/usr/bin/ld -m elf_x86_64) supports shared libraries
configure:10556: result: yes
configure:10593: checking whether -lc should be explicitly linked in
configure:10598: gcc -c -g -O2  conftest.c >&5
configure:10601: $? = 0
configure:10616: gcc -shared conftest.o  -v -Wl,-soname -Wl,conftest -o conftest 2\>\&1 \| /bin/grep  -lc  \>/dev/null 2\>\&1
configure:10619: $? = 0
configure:10631: result: no
configure:10795: checking dynamic linker characteristics
configure:11238: gcc -o conftest -g -O2   -Wl,-rpath -Wl,/foo conftest.c  >&5
configure:11245: $? = 0
configure:11481: result: GNU/Linux ld.so
configure:11583: checking how to hardcode library paths into programs
configure:11608: result: immediate
configure:12441: checking whether stripping libraries is possible
configure:12446: result: yes
configure:12481: checking if libtool supports shared libraries
configure:12483: result: yes
configure:12486: checking whether to build shared libraries
configure:12507: result: yes
configure:12510: checking whether to build static libraries
configure:12514: result: no
configure:12664: checking for ld used by g++
configure:12731: result: /usr/bin/ld -m elf_x86_64
configure:12740: checking if the linker (/usr/bin/ld -m elf_x86_64) is GNU ld
configure:12755: result: yes
configure:12810: checking whether the g++ linker (/usr/bin/ld -m elf_x86_64) supports shared libraries
configure:13785: result: yes
configure:13813: g++ -c -O3  conftest.cpp >&5
configure:13816: $? = 0
configure:13998: checking for g++ option to produce PIC
configure:14315: result: -fPIC -DPIC
configure:14324: checking if g++ PIC flag -fPIC -DPIC works
configure:14342: g++ -c -O3  -fPIC -DPIC -DPIC conftest.cpp >&5
configure:14346: $? = 0
configure:14359: result: yes
configure:14380: checking if g++ static flag -static works
configure:14408: result: no
configure:14420: checking if g++ supports -c -o file.o
configure:14441: g++ -c -O3  -o out/conftest2.o conftest.cpp >&5
configure:14445: $? = 0
configure:14467: result: yes
configure:14472: checking if g++ supports -c -o file.o
configure:14519: result: yes
configure:14549: checking whether the g++ linker (/usr/bin/ld -m elf_x86_64) supports shared libraries
configure:14575: result: yes
configure:14712: checking dynamic linker characteristics
configure:15103: g++ -o conftest -O3   -Wl,-rpath -Wl,/foo conftest.cpp  >&5
configure:15110: $? = 0
configure:15346: result: GNU/Linux ld.so
configure:15397: checking how to hardcode library paths into programs
configure:15422: result: immediate
configure:15625: creating ./config.status

## ---------------------- ##
## Running config.status. ##
## ---------------------- ##

This file was extended by ShowerDeconstruction config.status 1.0, which was
generated by GNU Autoconf 2.63.  Invocation command line was

  CONFIG_FILES    = 
  CONFIG_HEADERS  = 
  CONFIG_LINKS    = 
  CONFIG_COMMANDS = 
  $ ./config.status 

on ppepc128.physics.gla.ac.uk

config.status:1051: creating Makefile
config.status:1051: creating config.h
config.status:1273: config.h is unchanged
config.status:1325: executing depfiles commands
config.status:1325: executing libtool commands

## ---------------- ##
## Cache variables. ##
## ---------------- ##

ac_cv_build=x86_64-unknown-linux-gnu
ac_cv_c_compiler_gnu=yes
ac_cv_cxx_compiler_gnu=yes
ac_cv_env_CCC_set=
ac_cv_env_CCC_value=
ac_cv_env_CC_set=
ac_cv_env_CC_value=
ac_cv_env_CFLAGS_set=
ac_cv_env_CFLAGS_value=
ac_cv_env_CPPFLAGS_set=
ac_cv_env_CPPFLAGS_value=
ac_cv_env_CPP_set=
ac_cv_env_CPP_value=
ac_cv_env_CXXCPP_set=
ac_cv_env_CXXCPP_value=
ac_cv_env_CXXFLAGS_set=
ac_cv_env_CXXFLAGS_value=
ac_cv_env_CXX_set=
ac_cv_env_CXX_value=
ac_cv_env_LDFLAGS_set=
ac_cv_env_LDFLAGS_value=
ac_cv_env_LIBS_set=
ac_cv_env_LIBS_value=
ac_cv_env_build_alias_set=
ac_cv_env_build_alias_value=
ac_cv_env_host_alias_set=
ac_cv_env_host_alias_value=
ac_cv_env_target_alias_set=
ac_cv_env_target_alias_value=
ac_cv_header_dlfcn_h=yes
ac_cv_header_inttypes_h=yes
ac_cv_header_memory_h=yes
ac_cv_header_stdc=yes
ac_cv_header_stdint_h=yes
ac_cv_header_stdlib_h=yes
ac_cv_header_string_h=yes
ac_cv_header_strings_h=yes
ac_cv_header_sys_stat_h=yes
ac_cv_header_sys_types_h=yes
ac_cv_header_unistd_h=yes
ac_cv_host=x86_64-unknown-linux-gnu
ac_cv_objext=o
ac_cv_path_EGREP='/bin/grep -E'
ac_cv_path_FGREP='/bin/grep -F'
ac_cv_path_GREP=/bin/grep
ac_cv_path_SED=/bin/sed
ac_cv_path_fjconfig=../ttunf-svn/fastjet-install//bin/fastjet-config
ac_cv_path_install='/usr/bin/install -c'
ac_cv_path_mkdir=/bin/mkdir
ac_cv_prog_AWK=gawk
ac_cv_prog_CPP='gcc -E'
ac_cv_prog_CXXCPP='g++ -E'
ac_cv_prog_ac_ct_AR=ar
ac_cv_prog_ac_ct_CC=gcc
ac_cv_prog_ac_ct_CXX=g++
ac_cv_prog_ac_ct_OBJDUMP=objdump
ac_cv_prog_ac_ct_RANLIB=ranlib
ac_cv_prog_ac_ct_STRIP=strip
ac_cv_prog_cc_c89=
ac_cv_prog_cc_g=yes
ac_cv_prog_cxx_g=yes
ac_cv_prog_make_make_set=yes
am_cv_CC_dependencies_compiler_type=gcc3
am_cv_CXX_dependencies_compiler_type=gcc3
lt_cv_deplibs_check_method=pass_all
lt_cv_file_magic_cmd='$MAGIC_CMD'
lt_cv_file_magic_test_file=
lt_cv_ld_reload_flag=-r
lt_cv_nm_interface='BSD nm'
lt_cv_objdir=.libs
lt_cv_path_LD=/usr/bin/ld
lt_cv_path_LDCXX='/usr/bin/ld -m elf_x86_64'
lt_cv_path_NM='/usr/bin/nm -B'
lt_cv_prog_compiler_c_o=yes
lt_cv_prog_compiler_c_o_CXX=yes
lt_cv_prog_compiler_pic_works=yes
lt_cv_prog_compiler_pic_works_CXX=yes
lt_cv_prog_compiler_rtti_exceptions=no
lt_cv_prog_compiler_static_works=no
lt_cv_prog_compiler_static_works_CXX=no
lt_cv_prog_gnu_ld=yes
lt_cv_prog_gnu_ldcxx=yes
lt_cv_sys_global_symbol_pipe='sed -n -e '\''s/^.*[	 ]\([ABCDGIRSTW][ABCDGIRSTW]*\)[	 ][	 ]*\([_A-Za-z][_A-Za-z0-9]*\)$/\1 \2 \2/p'\'''
lt_cv_sys_global_symbol_to_c_name_address='sed -n -e '\''s/^: \([^ ]*\) $/  {\"\1\", (void *) 0},/p'\'' -e '\''s/^[ABCDGIRSTW]* \([^ ]*\) \([^ ]*\)$/  {"\2", (void *) \&\2},/p'\'''
lt_cv_sys_global_symbol_to_c_name_address_lib_prefix='sed -n -e '\''s/^: \([^ ]*\) $/  {\"\1\", (void *) 0},/p'\'' -e '\''s/^[ABCDGIRSTW]* \([^ ]*\) \(lib[^ ]*\)$/  {"\2", (void *) \&\2},/p'\'' -e '\''s/^[ABCDGIRSTW]* \([^ ]*\) \([^ ]*\)$/  {"lib\2", (void *) \&\2},/p'\'''
lt_cv_sys_global_symbol_to_cdecl='sed -n -e '\''s/^T .* \(.*\)$/extern int \1();/p'\'' -e '\''s/^[ABCDGIRSTW]* .* \(.*\)$/extern char \1;/p'\'''
lt_cv_sys_max_cmd_len=1966080

## ----------------- ##
## Output variables. ##
## ----------------- ##

ACLOCAL='${SHELL} /afs/phas.gla.ac.uk/user/d/dferreira/private/ttunf/SD-tosvn/missing --run aclocal-1.11'
AMDEPBACKSLASH='\'
AMDEP_FALSE='#'
AMDEP_TRUE=''
AMTAR='${SHELL} /afs/phas.gla.ac.uk/user/d/dferreira/private/ttunf/SD-tosvn/missing --run tar'
AM_BACKSLASH='\'
AM_DEFAULT_VERBOSITY='1'
AR='ar'
AUTOCONF='${SHELL} /afs/phas.gla.ac.uk/user/d/dferreira/private/ttunf/SD-tosvn/missing --run autoconf'
AUTOHEADER='${SHELL} /afs/phas.gla.ac.uk/user/d/dferreira/private/ttunf/SD-tosvn/missing --run autoheader'
AUTOMAKE='${SHELL} /afs/phas.gla.ac.uk/user/d/dferreira/private/ttunf/SD-tosvn/missing --run automake-1.11'
AWK='gawk'
CC='gcc'
CCDEPMODE='depmode=gcc3'
CFLAGS='-g -O2'
CPP='gcc -E'
CPPFLAGS=''
CXX='g++'
CXXCPP='g++ -E'
CXXDEPMODE='depmode=gcc3'
CXXFLAGS='-O3'
CYGPATH_W='echo'
DEFS='-DHAVE_CONFIG_H'
DEPDIR='.deps'
DSYMUTIL=''
DUMPBIN=''
ECHO_C=''
ECHO_N='-n'
ECHO_T=''
EGREP='/bin/grep -E'
EXEEXT=''
FGREP='/bin/grep -F'
GREP='/bin/grep'
INSTALL_DATA='${INSTALL} -m 644'
INSTALL_PROGRAM='${INSTALL}'
INSTALL_SCRIPT='${INSTALL}'
INSTALL_STRIP_PROGRAM='$(install_sh) -c -s'
LD='/usr/bin/ld -m elf_x86_64'
LDFLAGS=''
LIBOBJS=''
LIBS=''
LIBTOOL='$(SHELL) $(top_builddir)/libtool'
LIPO=''
LN_S='ln -s'
LTLIBOBJS=''
MAKEINFO='${SHELL} /afs/phas.gla.ac.uk/user/d/dferreira/private/ttunf/SD-tosvn/missing --run makeinfo'
MKDIR_P='/bin/mkdir -p'
NM='/usr/bin/nm -B'
NMEDIT=''
OBJDUMP='objdump'
OBJEXT='o'
OTOOL64=''
OTOOL=''
PACKAGE='showerdeconstruction'
PACKAGE_BUGREPORT='dferreir@mail.cern.ch'
PACKAGE_NAME='ShowerDeconstruction'
PACKAGE_STRING='ShowerDeconstruction 1.0'
PACKAGE_TARNAME='showerdeconstruction'
PACKAGE_VERSION='1.0'
PATH_SEPARATOR=':'
RANLIB='ranlib'
SED='/bin/sed'
SET_MAKE=''
SHELL='/bin/sh'
STRIP='strip'
VERSION='1.0'
ac_ct_CC='gcc'
ac_ct_CXX='g++'
ac_ct_DUMPBIN=''
am__EXEEXT_FALSE=''
am__EXEEXT_TRUE='#'
am__fastdepCC_FALSE='#'
am__fastdepCC_TRUE=''
am__fastdepCXX_FALSE='#'
am__fastdepCXX_TRUE=''
am__include='include'
am__isrc=''
am__leading_dot='.'
am__quote=''
am__tar='${AMTAR} chof - "$$tardir"'
am__untar='${AMTAR} xf -'
bindir='${exec_prefix}/bin'
build='x86_64-unknown-linux-gnu'
build_alias=''
build_cpu='x86_64'
build_os='linux-gnu'
build_vendor='unknown'
datadir='${datarootdir}'
datarootdir='${prefix}/share'
docdir='${datarootdir}/doc/${PACKAGE_TARNAME}'
dvidir='${docdir}'
exec_prefix='${prefix}'
fjconfig='../ttunf-svn/fastjet-install//bin/fastjet-config'
fjcxxflags='-I/afs/phas.gla.ac.uk/user/d/dferreira/private/ttunf/ttunf-svn/fastjet-3.0.3/../fastjet-install/include'
fjlibs='-Wl,-rpath,/afs/phas.gla.ac.uk/user/d/dferreira/private/ttunf/ttunf-svn/fastjet-3.0.3/../fastjet-install/lib -lm -L/afs/phas.gla.ac.uk/user/d/dferreira/private/ttunf/ttunf-svn/fastjet-3.0.3/../fastjet-install/lib -lfastjettools -lfastjet -lfastjetplugins -lsiscone_spherical -lsiscone'
host='x86_64-unknown-linux-gnu'
host_alias=''
host_cpu='x86_64'
host_os='linux-gnu'
host_vendor='unknown'
htmldir='${docdir}'
includedir='${prefix}/include'
infodir='${datarootdir}/info'
install_sh='${SHELL} /afs/phas.gla.ac.uk/user/d/dferreira/private/ttunf/SD-tosvn/install-sh'
libdir='${exec_prefix}/lib'
libexecdir='${exec_prefix}/libexec'
localedir='${datarootdir}/locale'
localstatedir='${prefix}/var'
lt_ECHO='echo'
mandir='${datarootdir}/man'
mkdir_p='/bin/mkdir -p'
oldincludedir='/usr/include'
pdfdir='${docdir}'
prefix='/usr/local'
program_transform_name='s,x,x,'
psdir='${docdir}'
sbindir='${exec_prefix}/sbin'
sharedstatedir='${prefix}/com'
sysconfdir='${prefix}/etc'
target_alias=''

## ----------- ##
## confdefs.h. ##
## ----------- ##

#define PACKAGE_NAME "ShowerDeconstruction"
#define PACKAGE_TARNAME "showerdeconstruction"
#define PACKAGE_VERSION "1.0"
#define PACKAGE_STRING "ShowerDeconstruction 1.0"
#define PACKAGE_BUGREPORT "dferreir@mail.cern.ch"
#define PACKAGE "showerdeconstruction"
#define VERSION "1.0"
#define STDC_HEADERS 1
#define HAVE_SYS_TYPES_H 1
#define HAVE_SYS_STAT_H 1
#define HAVE_STDLIB_H 1
#define HAVE_STRING_H 1
#define HAVE_MEMORY_H 1
#define HAVE_STRINGS_H 1
#define HAVE_INTTYPES_H 1
#define HAVE_STDINT_H 1
#define HAVE_UNISTD_H 1
#define HAVE_DLFCN_H 1
#define LT_OBJDIR ".libs/"

configure: exit 0

## ---------------------- ##
## Running config.status. ##
## ---------------------- ##

This file was extended by ShowerDeconstruction config.status 1.0, which was
generated by GNU Autoconf 2.63.  Invocation command line was

  CONFIG_FILES    = 
  CONFIG_HEADERS  = 
  CONFIG_LINKS    = 
  CONFIG_COMMANDS = 
  $ ./config.status config.h

on ppepc128.physics.gla.ac.uk

config.status:1051: creating config.h
config.status:1273: config.h is unchanged

## ---------------------- ##
## Running config.status. ##
## ---------------------- ##

This file was extended by ShowerDeconstruction config.status 1.0, which was
generated by GNU Autoconf 2.63.  Invocation command line was

  CONFIG_FILES    = 
  CONFIG_HEADERS  = 
  CONFIG_LINKS    = 
  CONFIG_COMMANDS = 
  $ ./config.status Makefile depfiles

on ppepc128.physics.gla.ac.uk

config.status:1051: creating Makefile
config.status:1325: executing depfiles commands
